<?xml version="1.0" encoding="UTF-8"?>
<testsuite name="dev.neuroteam.ecs.SimpleTest" tests="1" skipped="0" failures="0" errors="0" timestamp="2021-06-09T11:32:15" hostname="hexabyte-zephyr" time="0.021">
  <properties/>
  <testcase name="test()" classname="dev.neuroteam.ecs.SimpleTest" time="0.021"/>
  <system-out><![CDATA[]]></system-out>
  <system-err><![CDATA[]]></system-err>
</testsuite>
